PhoneVolumeToggle/build/outputs/logs/manifest-merger-debug-report.txt
-- Merging decision tree log ---
manifest
ADDED from RingerToggle/PhoneVolumeToggle/AndroidManifest.xml:2:1-59:12
	package
		ADDED from RingerToggle/PhoneVolumeToggle/AndroidManifest.xml:3:5-44
	android:versionName
		ADDED from RingerToggle/PhoneVolumeToggle/AndroidManifest.xml:5:5-32
		INJECTED from RingerToggle/PhoneVolumeToggle/AndroidManifest.xml
		INJECTED from RingerToggle/PhoneVolumeToggle/AndroidManifest.xml
	android:versionCode
		ADDED from RingerToggle/PhoneVolumeToggle/AndroidManifest.xml:4:5-29
		INJECTED from RingerToggle/PhoneVolumeToggle/AndroidManifest.xml
		INJECTED from RingerToggle/PhoneVolumeToggle/AndroidManifest.xml
	xmlns:android
		ADDED from RingerToggle/PhoneVolumeToggle/AndroidManifest.xml:2:11-69
uses-sdk
ADDED from RingerToggle/PhoneVolumeToggle/AndroidManifest.xml:7:5-9:41
	android:targetSdkVersion
		ADDED from RingerToggle/PhoneVolumeToggle/AndroidManifest.xml:9:9-38
	android:minSdkVersion
		ADDED from RingerToggle/PhoneVolumeToggle/AndroidManifest.xml:8:9-35
uses-permission#android.permission.VIBRATE
ADDED from RingerToggle/PhoneVolumeToggle/AndroidManifest.xml:13:5-14:23
	android:name
		ADDED from RingerToggle/PhoneVolumeToggle/AndroidManifest.xml:13:22-63
application
ADDED from RingerToggle/PhoneVolumeToggle/AndroidManifest.xml:16:5-57:19
	android:label
		ADDED from RingerToggle/PhoneVolumeToggle/AndroidManifest.xml:19:9-41
	android:allowBackup
		ADDED from RingerToggle/PhoneVolumeToggle/AndroidManifest.xml:17:9-35
	android:icon
		ADDED from RingerToggle/PhoneVolumeToggle/AndroidManifest.xml:18:9-45
activity#com.pTricKg.PhoneVolumeToggle.PhoneVolumeToggleActivity
ADDED from RingerToggle/PhoneVolumeToggle/AndroidManifest.xml:20:9-28:20
	android:label
		ADDED from RingerToggle/PhoneVolumeToggle/AndroidManifest.xml:22:13-45
	android:name
		ADDED from RingerToggle/PhoneVolumeToggle/AndroidManifest.xml:21:13-54
intent-filter#android.intent.action.MAIN+android.intent.category.LAUNCHER
ADDED from RingerToggle/PhoneVolumeToggle/AndroidManifest.xml:23:13-27:29
action#android.intent.action.MAIN
ADDED from RingerToggle/PhoneVolumeToggle/AndroidManifest.xml:24:17-69
	android:name
		ADDED from RingerToggle/PhoneVolumeToggle/AndroidManifest.xml:24:25-66
category#android.intent.category.LAUNCHER
ADDED from RingerToggle/PhoneVolumeToggle/AndroidManifest.xml:26:17-77
	android:name
		ADDED from RingerToggle/PhoneVolumeToggle/AndroidManifest.xml:26:27-74
activity#com.pTricKg.PhoneVolumeToggle.Timer
ADDED from RingerToggle/PhoneVolumeToggle/AndroidManifest.xml:30:9-38:20
	android:label
		ADDED from RingerToggle/PhoneVolumeToggle/AndroidManifest.xml:32:13-45
	android:name
		ADDED from RingerToggle/PhoneVolumeToggle/AndroidManifest.xml:31:13-34
intent-filter#android.intent.action.MAIN
ADDED from RingerToggle/PhoneVolumeToggle/AndroidManifest.xml:33:13-37:29
receiver#com.pTricKg.PhoneVolumeToggle.AppWidget
ADDED from RingerToggle/PhoneVolumeToggle/AndroidManifest.xml:40:9-51:20
	android:label
		ADDED from RingerToggle/PhoneVolumeToggle/AndroidManifest.xml:43:13-45
	android:icon
		ADDED from RingerToggle/PhoneVolumeToggle/AndroidManifest.xml:42:13-49
	android:name
		ADDED from RingerToggle/PhoneVolumeToggle/AndroidManifest.xml:41:13-38
intent-filter#android.appwidget.action.APPWIDGET_UPDATE
ADDED from RingerToggle/PhoneVolumeToggle/AndroidManifest.xml:44:13-46:29
action#android.appwidget.action.APPWIDGET_UPDATE
ADDED from RingerToggle/PhoneVolumeToggle/AndroidManifest.xml:45:17-84
	android:name
		ADDED from RingerToggle/PhoneVolumeToggle/AndroidManifest.xml:45:25-81
meta-data#android.appwidget.provider
ADDED from RingerToggle/PhoneVolumeToggle/AndroidManifest.xml:48:13-50:59
	android:resource
		ADDED from RingerToggle/PhoneVolumeToggle/AndroidManifest.xml:50:17-56
	android:name
		ADDED from RingerToggle/PhoneVolumeToggle/AndroidManifest.xml:49:17-58
service#com.pTricKg.PhoneVolumeToggle.AppWidget$ToggleService
ADDED from RingerToggle/PhoneVolumeToggle/AndroidManifest.xml:53:9-54:19
	android:name
		ADDED from RingerToggle/PhoneVolumeToggle/AndroidManifest.xml:53:18-57
receiver#com.pTricKg.PhoneVolumeToggle.MyBroadcastReceiver
ADDED from RingerToggle/PhoneVolumeToggle/AndroidManifest.xml:55:9-56:20
	android:name
		ADDED from RingerToggle/PhoneVolumeToggle/AndroidManifest.xml:55:19-53